Screen Recording Started: 2025-09-13 21:08:52.931034
==================================================
Frame 1: 2025-09-13 21:08:52.931381
  System time: 1757797732.9313865
  Active threads: 6
Frame 2: 2025-09-13 21:08:53.931564
  System time: 1757797733.9315813
  Active threads: 6
Frame 3: 2025-09-13 21:08:54.931719
  System time: 1757797734.9317424
  Active threads: 6
Frame 4: 2025-09-13 21:08:55.931912
  System time: 1757797735.931933
  Active threads: 6
Frame 5: 2025-09-13 21:08:56.932115
  System time: 1757797736.932133
  Active threads: 6
Frame 6: 2025-09-13 21:08:57.932291
  System time: 1757797737.9323182
  Active threads: 6
Frame 7: 2025-09-13 21:08:58.932533
  System time: 1757797738.9325504
  Active threads: 6
Frame 8: 2025-09-13 21:08:59.932693
  System time: 1757797739.932714
  Active threads: 6
Frame 9: 2025-09-13 21:09:00.932913
  System time: 1757797740.932935
  Active threads: 6
==================================================
Recording ended: 2025-09-13 21:09:01.933113
Total frames: 9
