Screen Recording Started: 2025-09-13 21:08:35.917860
==================================================
Frame 1: 2025-09-13 21:08:35.918240
  System time: 1757797715.9182472
  Active threads: 3
Frame 2: 2025-09-13 21:08:36.918378
  System time: 1757797716.9183986
  Active threads: 3
Frame 3: 2025-09-13 21:08:37.918522
  System time: 1757797717.9185407
  Active threads: 3
Frame 4: 2025-09-13 21:08:38.918658
  System time: 1757797718.918671
  Active threads: 3
Frame 5: 2025-09-13 21:08:39.918766
  System time: 1757797719.9188142
  Active threads: 3
==================================================
Recording ended: 2025-09-13 21:08:40.918922
Total frames: 5
